<?xml version="1.0" encoding="UTF-8"?>
<testsuite xmlns:xsi="http://www.w3.org/2001/XMLSchema-instance" xsi:noNamespaceSchemaLocation="https://maven.apache.org/surefire/maven-surefire-plugin/xsd/surefire-test-report.xsd" version="3.0.2" name="com.mgcss.unit.service.SolicitudServiceTest" time="0.246" tests="13" errors="0" skipped="0" failures="0">
  <properties>
[...]
</properties>
  <testcase name="iniciarProceso_Exitoso_GuardaSolicitudYRegistro" classname="com.mgcss.unit.service.SolicitudServiceTest" time="0.175"/>
  <testcase name="asignarTecnico_SiSolicitudNoExiste_LanzaExcepcion" classname="com.mgcss.unit.service.SolicitudServiceTest" time="0.007"/>
  <testcase name="asignarTecnico_SiTecnicoInactivo_NoGuarda" classname="com.mgcss.unit.service.SolicitudServiceTest" time="0.008"/>
  <testcase name="reabrirSolicitud_SolicitudNoExiste_LanzaExcepcion" classname="com.mgcss.unit.service.SolicitudServiceTest" time="0.01"/>
  <testcase name="asignarTecnico_SiTecnicoNoExiste_LanzaExcepcion" classname="com.mgcss.unit.service.SolicitudServiceTest" time="0.005"/>
  <testcase name="cerrarSolicitud_SolicitudNoExiste_LanzaExcepcion" classname="com.mgcss.unit.service.SolicitudServiceTest" time="0.004"/>
  <testcase name="reabrirSolicitud_SiNoSePuedeReabrir_NoGuarda" classname="com.mgcss.unit.service.SolicitudServiceTest" time="0.006"/>
  <testcase name="debeAsignarTecnicoCorrectamente_YGuardarCambios" classname="com.mgcss.unit.service.SolicitudServiceTest" time="0.003"/>
  <testcase name="cerrarSolicitud_SiNoSePuedeCerrar_NoGuarda" classname="com.mgcss.unit.service.SolicitudServiceTest" time="0.002"/>
  <testcase name="reabrirSolicitud_Exitoso_GuardaSolicitudYRegistro" classname="com.mgcss.unit.service.SolicitudServiceTest" time="0.002"/>
  <testcase name="cerrarSolicitud_Exitoso_GuardaSolicitudYRegistro" classname="com.mgcss.unit.service.SolicitudServiceTest" time="0.006"/>
  <testcase name="iniciarProceso_SolicitudNoExiste_LanzaExcepcion" classname="com.mgcss.unit.service.SolicitudServiceTest" time="0.003"/>
  <testcase name="iniciarProceso_SiNoSePuedeIniciar_NoGuarda" classname="com.mgcss.unit.service.SolicitudServiceTest" time="0.003"/>
</testsuite>