<?xml version="1.0" encoding="UTF-8"?>
<testsuite xmlns:xsi="http://www.w3.org/2001/XMLSchema-instance" xsi:noNamespaceSchemaLocation="https://maven.apache.org/surefire/maven-surefire-plugin/xsd/surefire-test-report.xsd" version="3.0.2" name="com.mgcss.infrastructure.SqlTecnicoRepositoryTest" time="8.413" tests="3" errors="0" skipped="0" failures="0">
  <properties>
[...]
</properties>
  <testcase name="testSave" classname="com.mgcss.infrastructure.SqlTecnicoRepositoryTest" time="0.339">
    <system-out><![CDATA[21:03:10.264 [main] INFO org.springframework.test.context.support.AnnotationConfigContextLoaderUtils -- Could not detect default configuration classes for test class [com.mgcss.infrastructure.SqlTecnicoRepositoryTest]: SqlTecnicoRepositoryTest does not declare any static, non-private, non-final, nested classes annotated with @Configuration.
21:03:10.602 [main] INFO org.springframework.boot.test.context.SpringBootTestContextBootstrapper -- Found @SpringBootConfiguration com.mgcss.MgcssTrackGrupo4Application for test class com.mgcss.infrastructure.SqlTecnicoRepositoryTest
21:03:10.791 [main] INFO org.springframework.boot.devtools.restart.RestartApplicationListener -- Restart disabled due to context in which it is running

  .   ____          _            __ _ _
 /\\ / ___'_ __ _ _(_)_ __  __ _ \ \ \ \
( ( )\___ | '_ | '_| | '_ \/ _` | \ \ \ \
 \\/  ___)| |_)| | | | | || (_| |  ) ) ) )
  '  |____| .__|_| |_|_| |_\__, | / / / /
 =========|_|==============|___/=/_/_/_/

 :: Spring Boot ::                (v4.0.3)

2026-05-20T21:03:11.642+02:00  INFO 3504 --- [mgcss-track-grupo4] [           main] c.m.i.SqlTecnicoRepositoryTest           : Starting SqlTecnicoRepositoryTest using Java 21.0.8 with PID 3504 (started by quiqu in C:\Users\quiqu\OneDrive - UNIVERSIDAD DE HUELVA\Informatica\Curso 4\2º Cuatri\Mantenimiento\Practicas\mgcss-track-grupo4)
2026-05-20T21:03:11.644+02:00  INFO 3504 --- [mgcss-track-grupo4] [           main] c.m.i.SqlTecnicoRepositoryTest           : No active profile set, falling back to 1 default profile: "default"
2026-05-20T21:03:11.645+02:00 DEBUG 3504 --- [mgcss-track-grupo4] [           main] o.s.boot.SpringApplication               : Loading source class com.mgcss.MgcssTrackGrupo4Application
2026-05-20T21:03:11.683+02:00 DEBUG 3504 --- [mgcss-track-grupo4] [           main] o.s.b.d.settings.DevToolsSettings        : Included patterns for restart : []
2026-05-20T21:03:11.684+02:00 DEBUG 3504 --- [mgcss-track-grupo4] [           main] o.s.b.d.settings.DevToolsSettings        : Excluded patterns for restart : [/spring-boot-starter-[\w-]+/, /spring-boot/(bin|build|out)/, /spring-boot-starter/(bin|build|out)/, /spring-boot-devtools/(bin|build|out)/, /spring-boot-actuator/(bin|build|out)/, /spring-boot-autoconfigure/(bin|build|out)/]
2026-05-20T21:03:12.449+02:00  INFO 3504 --- [mgcss-track-grupo4] [           main] .s.d.r.c.RepositoryConfigurationDelegate : Bootstrapping Spring Data JPA repositories in DEFAULT mode.
2026-05-20T21:03:12.491+02:00 DEBUG 3504 --- [mgcss-track-grupo4] [           main] o.s.b.a.AutoConfigurationPackages        : @EnableAutoConfiguration was declared on a class in the package 'com.mgcss'. Automatic @Repository and @Entity scanning is enabled.
2026-05-20T21:03:12.581+02:00  INFO 3504 --- [mgcss-track-grupo4] [           main] .s.d.r.c.RepositoryConfigurationDelegate : Finished Spring Data repository scanning in 112 ms. Found 4 JPA repository interfaces.
2026-05-20T21:03:12.720+02:00  INFO 3504 --- [mgcss-track-grupo4] [           main] beddedDataSourceBeanFactoryPostProcessor : Replacing 'dataSource' DataSource bean with embedded version
2026-05-20T21:03:13.079+02:00  INFO 3504 --- [mgcss-track-grupo4] [           main] o.s.j.d.e.EmbeddedDatabaseFactory        : Starting embedded database: url='jdbc:h2:mem:272da5a8-6917-4ace-accf-124e8a14eb21;DB_CLOSE_DELAY=-1;DB_CLOSE_ON_EXIT=false', username='sa'
2026-05-20T21:03:14.221+02:00  INFO 3504 --- [mgcss-track-grupo4] [           main] org.hibernate.orm.jpa                    : HHH008540: Processing PersistenceUnitInfo [name: default]
2026-05-20T21:03:14.417+02:00  INFO 3504 --- [mgcss-track-grupo4] [           main] org.hibernate.orm.core                   : HHH000001: Hibernate ORM core version 7.2.4.Final
2026-05-20T21:03:15.350+02:00  INFO 3504 --- [mgcss-track-grupo4] [           main] o.s.o.j.p.SpringPersistenceUnitInfo      : No LoadTimeWeaver setup: ignoring JPA class transformer
2026-05-20T21:03:15.563+02:00  INFO 3504 --- [mgcss-track-grupo4] [           main] org.hibernate.orm.connections.pooling    : HHH10001005: Database info:
	Database JDBC URL [jdbc:h2:mem:272da5a8-6917-4ace-accf-124e8a14eb21]
	Database driver: H2 JDBC Driver
	Database dialect: H2Dialect
	Database version: 2.4.240
	Default catalog/schema: 272DA5A8-6917-4ACE-ACCF-124E8A14EB21/PUBLIC
	Autocommit mode: undefined/unknown
	Isolation level: READ_COMMITTED [default READ_COMMITTED]
	JDBC fetch size: 100
	Pool: DataSourceConnectionProvider
	Minimum pool size: undefined/unknown
	Maximum pool size: undefined/unknown
2026-05-20T21:03:17.147+02:00  INFO 3504 --- [mgcss-track-grupo4] [           main] org.hibernate.orm.core                   : HHH000489: No JTA platform available (set 'hibernate.transaction.jta.platform' to enable JTA platform integration)
2026-05-20T21:03:17.185+02:00 DEBUG 3504 --- [mgcss-track-grupo4] [           main] org.hibernate.SQL                        : drop table if exists clientes cascade 
Hibernate: drop table if exists clientes cascade 
2026-05-20T21:03:17.187+02:00 DEBUG 3504 --- [mgcss-track-grupo4] [           main] org.hibernate.SQL                        : drop table if exists register_solicitud cascade 
Hibernate: drop table if exists register_solicitud cascade 
2026-05-20T21:03:17.188+02:00 DEBUG 3504 --- [mgcss-track-grupo4] [           main] org.hibernate.SQL                        : drop table if exists solicitudes cascade 
Hibernate: drop table if exists solicitudes cascade 
2026-05-20T21:03:17.188+02:00 DEBUG 3504 --- [mgcss-track-grupo4] [           main] org.hibernate.SQL                        : drop table if exists tecnicos cascade 
Hibernate: drop table if exists tecnicos cascade 
2026-05-20T21:03:17.197+02:00 DEBUG 3504 --- [mgcss-track-grupo4] [           main] org.hibernate.SQL                        : create table clientes (id bigint generated by default as identity, email varchar(255), nombre varchar(255), tipo_cliente varchar(255), primary key (id))
Hibernate: create table clientes (id bigint generated by default as identity, email varchar(255), nombre varchar(255), tipo_cliente varchar(255), primary key (id))
2026-05-20T21:03:17.213+02:00 DEBUG 3504 --- [mgcss-track-grupo4] [           main] org.hibernate.SQL                        : create table register_solicitud (fecha_hora timestamp(6), id bigint generated by default as identity, solicitud_id bigint not null, estado_actual enum ('ABIERTA','CERRADA','EN_PROCESO'), estado_anterior enum ('ABIERTA','CERRADA','EN_PROCESO'), primary key (id))
Hibernate: create table register_solicitud (fecha_hora timestamp(6), id bigint generated by default as identity, solicitud_id bigint not null, estado_actual enum ('ABIERTA','CERRADA','EN_PROCESO'), estado_anterior enum ('ABIERTA','CERRADA','EN_PROCESO'), primary key (id))
2026-05-20T21:03:17.215+02:00 DEBUG 3504 --- [mgcss-track-grupo4] [           main] org.hibernate.SQL                        : create table solicitudes (cliente_id bigint, fecha_cierre timestamp(6), fecha_creacion timestamp(6), id bigint generated by default as identity, tecnico_id bigint, descripcion varchar(255), estado_actual varchar(255), primary key (id))
Hibernate: create table solicitudes (cliente_id bigint, fecha_cierre timestamp(6), fecha_creacion timestamp(6), id bigint generated by default as identity, tecnico_id bigint, descripcion varchar(255), estado_actual varchar(255), primary key (id))
2026-05-20T21:03:17.217+02:00 DEBUG 3504 --- [mgcss-track-grupo4] [           main] org.hibernate.SQL                        : create table tecnicos (activo boolean not null, id bigint generated by default as identity, especialidad varchar(255), nombre varchar(255), primary key (id))
Hibernate: create table tecnicos (activo boolean not null, id bigint generated by default as identity, especialidad varchar(255), nombre varchar(255), primary key (id))
2026-05-20T21:03:17.218+02:00 DEBUG 3504 --- [mgcss-track-grupo4] [           main] org.hibernate.SQL                        : alter table if exists solicitudes add constraint FKtfxgn25p8c3x41bkb43vpmfuu foreign key (cliente_id) references clientes
Hibernate: alter table if exists solicitudes add constraint FKtfxgn25p8c3x41bkb43vpmfuu foreign key (cliente_id) references clientes
2026-05-20T21:03:17.251+02:00 DEBUG 3504 --- [mgcss-track-grupo4] [           main] org.hibernate.SQL                        : alter table if exists solicitudes add constraint FKbhl72y1rtjpm9blkhgll2li58 foreign key (tecnico_id) references tecnicos
Hibernate: alter table if exists solicitudes add constraint FKbhl72y1rtjpm9blkhgll2li58 foreign key (tecnico_id) references tecnicos
2026-05-20T21:03:17.256+02:00  INFO 3504 --- [mgcss-track-grupo4] [           main] j.LocalContainerEntityManagerFactoryBean : Initialized JPA EntityManagerFactory for persistence unit 'default'
2026-05-20T21:03:17.426+02:00  INFO 3504 --- [mgcss-track-grupo4] [           main] o.s.d.j.r.query.QueryEnhancerFactories   : Hibernate is in classpath; If applicable, HQL parser will be used.
2026-05-20T21:03:17.665+02:00 DEBUG 3504 --- [mgcss-track-grupo4] [           main] .s.b.a.l.ConditionEvaluationReportLogger : 


============================
CONDITIONS EVALUATION REPORT
============================


Positive matches:
-----------------

   DataJpaRepositoriesAutoConfiguration matched:
      - @ConditionalOnClass found required class 'org.springframework.data.jpa.repository.JpaRepository' (OnClassCondition)
      - @ConditionalOnBooleanProperty (spring.data.jpa.repositories.enabled=true) matched (OnPropertyCondition)
      - @ConditionalOnBean (types: javax.sql.DataSource; SearchStrategy: all) found bean 'dataSource'; @ConditionalOnMissingBean (types: org.springframework.data.jpa.repository.support.JpaRepositoryFactoryBean,org.springframework.data.jpa.repository.config.JpaRepositoryConfigExtension; SearchStrategy: all) did not find any beans (OnBeanCondition)

   DataSourceAutoConfiguration matched:
      - @ConditionalOnClass found required classes 'javax.sql.DataSource', 'org.springframework.jdbc.datasource.embedded.EmbeddedDatabaseType' (OnClassCondition)
      - @ConditionalOnMissingBean (types: io.r2dbc.spi.ConnectionFactory; SearchStrategy: all) did not find any beans (OnBeanCondition)

   DataSourceAutoConfiguration.PooledDataSourceConfiguration matched:
      - AnyNestedCondition 1 matched 1 did not; NestedCondition on DataSourceAutoConfiguration.PooledDataSourceCondition.PooledDataSourceAvailable PooledDataSource found supported DataSource; NestedCondition on DataSourceAutoConfiguration.PooledDataSourceCondition.ExplicitType @ConditionalOnProperty (spring.datasource.type) did not find property 'spring.datasource.type' (DataSourceAutoConfiguration.PooledDataSourceCondition)
      - @ConditionalOnMissingBean (types: javax.sql.DataSource,javax.sql.XADataSource; SearchStrategy: all) did not find any beans (OnBeanCondition)

   DataSourceAutoConfiguration.PooledDataSourceConfiguration#jdbcConnectionDetails matched:
      - @ConditionalOnMissingBean (types: org.springframework.boot.jdbc.autoconfigure.JdbcConnectionDetails; SearchStrategy: all) did not find any beans (OnBeanCondition)

   DataSourceConfiguration.Hikari matched:
      - @ConditionalOnClass found required class 'com.zaxxer.hikari.HikariDataSource' (OnClassCondition)
      - @ConditionalOnProperty (spring.datasource.type=com.zaxxer.hikari.HikariDataSource) matched (OnPropertyCondition)
      - @ConditionalOnMissingBean (types: javax.sql.DataSource; SearchStrategy: all) did not find any beans (OnBeanCondition)

   DataSourceInitializationAutoConfiguration matched:
      - @ConditionalOnClass found required class 'org.springframework.jdbc.datasource.init.DatabasePopulator' (OnClassCondition)
      - SQL InitializationDatabase Initialization default value is EMBEDDED (OnSqlInitializationCondition)
      - @ConditionalOnSingleCandidate (types: javax.sql.DataSource; SearchStrategy: all) found a single bean 'dataSource'; @ConditionalOnMissingBean (types: org.springframework.boot.sql.autoconfigure.init.ApplicationScriptDatabaseInitializer; SearchStrategy: all) did not find any beans (OnBeanCondition)

   DataSourcePoolMetadataProvidersConfiguration.HikariPoolDataSourceMetadataProviderConfiguration matched:
      - @ConditionalOnClass found required class 'com.zaxxer.hikari.HikariDataSource' (OnClassCondition)

   DataSourceTransactionManagerAutoConfiguration matched:
      - @ConditionalOnClass found required classes 'javax.sql.DataSource', 'org.springframework.jdbc.core.JdbcTemplate', 'org.springframework.transaction.TransactionManager' (OnClassCondition)

   DataSourceTransactionManagerAutoConfiguration.JdbcTransactionManagerConfiguration matched:
      - @ConditionalOnSingleCandidate (types: javax.sql.DataSource; SearchStrategy: all) found a single bean 'dataSource' (OnBeanCondition)

   HibernateJpaAutoConfiguration matched:
      - @ConditionalOnClass found required classes 'org.springframework.orm.jpa.LocalContainerEntityManagerFactoryBean', 'jakarta.persistence.EntityManager', 'org.hibernate.engine.spi.SessionImplementor' (OnClassCondition)

   HibernateJpaConfiguration matched:
      - @ConditionalOnSingleCandidate (types: javax.sql.DataSource; SearchStrategy: all) found a single bean 'dataSource' (OnBeanCondition)

   JdbcClientAutoConfiguration matched:
      - @ConditionalOnSingleCandidate (types: org.springframework.jdbc.core.namedparam.NamedParameterJdbcTemplate; SearchStrategy: all) found a single bean 'namedParameterJdbcTemplate'; @ConditionalOnMissingBean (types: org.springframework.jdbc.core.simple.JdbcClient; SearchStrategy: all) did not find any beans (OnBeanCondition)

   JdbcTemplateAutoConfiguration matched:
      - @ConditionalOnClass found required classes 'javax.sql.DataSource', 'org.springframework.jdbc.core.JdbcTemplate' (OnClassCondition)
      - @ConditionalOnSingleCandidate (types: javax.sql.DataSource; SearchStrategy: all) found a single bean 'dataSource' (OnBeanCondition)

   JdbcTemplateConfiguration matched:
      - @ConditionalOnMissingBean (types: org.springframework.jdbc.core.JdbcOperations; SearchStrategy: all) did not find any beans (OnBeanCondition)

   JpaBaseConfiguration#entityManagerFactory matched:
      - @ConditionalOnMissingBean (types: org.springframework.orm.jpa.LocalContainerEntityManagerFactoryBean,jakarta.persistence.EntityManagerFactory; SearchStrategy: all) did not find any beans (OnBeanCondition)

   JpaBaseConfiguration#entityManagerFactoryBuilder matched:
      - @ConditionalOnMissingBean (types: org.springframework.boot.jpa.EntityManagerFactoryBuilder; SearchStrategy: all) did not find any beans (OnBeanCondition)

   JpaBaseConfiguration#jpaVendorAdapter matched:
      - @ConditionalOnMissingBean (types: org.springframework.orm.jpa.JpaVendorAdapter; SearchStrategy: all) did not find any beans (OnBeanCondition)

   JpaBaseConfiguration#transactionManager matched:
      - @ConditionalOnMissingBean (types: org.springframework.transaction.TransactionManager; SearchStrategy: all) did not find any beans (OnBeanCondition)

   JpaBaseConfiguration.PersistenceManagedTypesConfiguration matched:
      - @ConditionalOnMissingBean (types: org.springframework.orm.jpa.LocalContainerEntityManagerFactoryBean,jakarta.persistence.EntityManagerFactory; SearchStrategy: all) did not find any beans (OnBeanCondition)

   JpaBaseConfiguration.PersistenceManagedTypesConfiguration#persistenceManagedTypes matched:
      - @ConditionalOnMissingBean (types: org.springframework.orm.jpa.persistenceunit.PersistenceManagedTypes; SearchStrategy: all) did not find any beans (OnBeanCondition)

   NamedParameterJdbcTemplateConfiguration matched:
      - @ConditionalOnSingleCandidate (types: org.springframework.jdbc.core.JdbcTemplate; SearchStrategy: all) found a single bean 'jdbcTemplate'; @ConditionalOnMissingBean (types: org.springframework.jdbc.core.namedparam.NamedParameterJdbcOperations; SearchStrategy: all) did not find any beans (OnBeanCondition)

   TestDatabaseAutoConfiguration#nonTestEmbeddedDataSourceBeanFactoryPostProcessor matched:
      - @ConditionalOnProperty (spring.test.database.replace=NON_TEST) matched (OnPropertyCondition)

   TestEntityManagerAutoConfiguration matched:
      - @ConditionalOnClass found required class 'jakarta.persistence.EntityManagerFactory' (OnClassCondition)

   TestEntityManagerAutoConfiguration#testEntityManager matched:
      - @ConditionalOnMissingBean (types: org.springframework.boot.jpa.test.autoconfigure.TestEntityManager; SearchStrategy: all) did not find any beans (OnBeanCondition)

   TransactionAutoConfiguration matched:
      - @ConditionalOnClass found required class 'org.springframework.transaction.PlatformTransactionManager' (OnClassCondition)

   TransactionAutoConfiguration.EnableTransactionManagementConfiguration matched:
      - @ConditionalOnBean (types: org.springframework.transaction.TransactionManager; SearchStrategy: all) found bean 'transactionManager'; @ConditionalOnMissingBean (types: org.springframework.transaction.annotation.AbstractTransactionManagementConfiguration; SearchStrategy: all) did not find any beans (OnBeanCondition)

   TransactionAutoConfiguration.EnableTransactionManagementConfiguration.CglibAutoProxyConfiguration matched:
      - @ConditionalOnBooleanProperty (spring.aop.proxy-target-class=true) matched (OnPropertyCondition)

   TransactionAutoConfiguration.TransactionTemplateConfiguration matched:
      - @ConditionalOnSingleCandidate (types: org.springframework.transaction.PlatformTransactionManager; SearchStrategy: all) found a single bean 'transactionManager' (OnBeanCondition)

   TransactionAutoConfiguration.TransactionTemplateConfiguration#transactionTemplate matched:
      - @ConditionalOnMissingBean (types: org.springframework.transaction.support.TransactionOperations; SearchStrategy: all) did not find any beans (OnBeanCondition)


Negative matches:
-----------------

   DataJpaRepositoriesAutoConfiguration#entityManagerFactoryBootstrapExecutorCustomizer:
      Did not match:
         - AnyNestedCondition 0 matched 2 did not; NestedCondition on DataJpaRepositoriesAutoConfiguration.BootstrapExecutorCondition.LazyBootstrapMode @ConditionalOnProperty (spring.data.jpa.repositories.bootstrap-mode=lazy) found different value in property 'spring.data.jpa.repositories.bootstrap-mode'; NestedCondition on DataJpaRepositoriesAutoConfiguration.BootstrapExecutorCondition.DeferredBootstrapMode @ConditionalOnProperty (spring.data.jpa.repositories.bootstrap-mode=deferred) found different value in property 'spring.data.jpa.repositories.bootstrap-mode' (DataJpaRepositoriesAutoConfiguration.BootstrapExecutorCondition)

   DataSourceAutoConfiguration.EmbeddedDatabaseConfiguration:
      Did not match:
         - EmbeddedDataSource found supported pooled data source (DataSourceAutoConfiguration.EmbeddedDatabaseCondition)

   DataSourceCheckpointRestoreConfiguration:
      Did not match:
         - @ConditionalOnClass did not find required class 'org.crac.Resource' (OnClassCondition)

   DataSourceConfiguration.Dbcp2:
      Did not match:
         - @ConditionalOnClass did not find required class 'org.apache.commons.dbcp2.BasicDataSource' (OnClassCondition)

   DataSourceConfiguration.Generic:
      Did not match:
         - @ConditionalOnProperty (spring.datasource.type) did not find property 'spring.datasource.type' (OnPropertyCondition)

   DataSourceConfiguration.OracleUcp:
      Did not match:
         - @ConditionalOnClass did not find required classes 'oracle.ucp.jdbc.PoolDataSourceImpl', 'oracle.jdbc.OracleConnection' (OnClassCondition)

   DataSourceConfiguration.Tomcat:
      Did not match:
         - @ConditionalOnClass did not find required class 'org.apache.tomcat.jdbc.pool.DataSource' (OnClassCondition)

   DataSourceJmxConfiguration:
      Did not match:
         - @ConditionalOnBooleanProperty (spring.jmx.enabled=true) found different value in property 'spring.jmx.enabled' (OnPropertyCondition)

   DataSourcePoolMetadataProvidersConfiguration.CommonsDbcp2PoolDataSourceMetadataProviderConfiguration:
      Did not match:
         - @ConditionalOnClass did not find required class 'org.apache.commons.dbcp2.BasicDataSource' (OnClassCondition)

   DataSourcePoolMetadataProvidersConfiguration.OracleUcpPoolDataSourceMetadataProviderConfiguration:
      Did not match:
         - @ConditionalOnClass did not find required classes 'oracle.ucp.jdbc.PoolDataSource', 'oracle.jdbc.OracleConnection' (OnClassCondition)

   DataSourcePoolMetadataProvidersConfiguration.TomcatDataSourcePoolMetadataProviderConfiguration:
      Did not match:
         - @ConditionalOnClass did not find required class 'org.apache.tomcat.jdbc.pool.DataSource' (OnClassCondition)

   DataSourceTransactionManagerAutoConfiguration.JdbcTransactionManagerConfiguration#transactionManager:
      Did not match:
         - @ConditionalOnMissingBean (types: org.springframework.transaction.TransactionManager; SearchStrategy: all) found beans of type 'org.springframework.transaction.TransactionManager' transactionManager (OnBeanCondition)

   JpaBaseConfiguration.JpaWebConfiguration:
      Did not match:
         - not a servlet web application (OnWebApplicationCondition)
      Matched:
         - @ConditionalOnClass found required class 'org.springframework.web.servlet.config.annotation.WebMvcConfigurer' (OnClassCondition)

   TestDatabaseAutoConfiguration#dataSource:
      Did not match:
         - @ConditionalOnProperty (spring.test.database.replace=AUTO_CONFIGURED) did not find property 'spring.test.database.replace' (OnPropertyCondition)

   TestDatabaseAutoConfiguration#embeddedDataSourceBeanFactoryPostProcessor:
      Did not match:
         - @ConditionalOnProperty (spring.test.database.replace=ANY) did not find property 'spring.test.database.replace' (OnPropertyCondition)

   TransactionAutoConfiguration#transactionalOperator:
      Did not match:
         - @ConditionalOnSingleCandidate (types: org.springframework.transaction.ReactiveTransactionManager; SearchStrategy: all) did not find any beans (OnBeanCondition)

   TransactionAutoConfiguration.AspectJTransactionManagementConfiguration:
      Did not match:
         - @ConditionalOnBean (types: org.springframework.transaction.aspectj.AbstractTransactionAspect; SearchStrategy: all) did not find any beans of type org.springframework.transaction.aspectj.AbstractTransactionAspect (OnBeanCondition)

   TransactionAutoConfiguration.EnableTransactionManagementConfiguration.JdkDynamicAutoProxyConfiguration:
      Did not match:
         - @ConditionalOnBooleanProperty (spring.aop.proxy-target-class=false) did not find property 'spring.aop.proxy-target-class' (OnPropertyCondition)


Exclusions:
-----------

    None


Unconditional classes:
----------------------

    org.springframework.boot.jdbc.test.autoconfigure.TestDatabaseAutoConfiguration



2026-05-20T21:03:17.666+02:00  INFO 3504 --- [mgcss-track-grupo4] [           main] c.m.i.SqlTecnicoRepositoryTest           : Started SqlTecnicoRepositoryTest in 6.901 seconds (process running for 18.456)
2026-05-20T21:03:17.671+02:00 DEBUG 3504 --- [mgcss-track-grupo4] [           main] o.s.boot.devtools.restart.Restarter      : Creating new Restarter for thread Thread[#1,main,5,main]
2026-05-20T21:03:17.839+02:00 DEBUG 3504 --- [mgcss-track-grupo4] [           main] org.hibernate.SQL                        : insert into tecnicos (activo,especialidad,nombre,id) values (?,?,?,default)
Hibernate: insert into tecnicos (activo,especialidad,nombre,id) values (?,?,?,default)
]]></system-out>
  </testcase>
  <testcase name="testFindById_Found" classname="com.mgcss.infrastructure.SqlTecnicoRepositoryTest" time="0.029">
    <system-out><![CDATA[2026-05-20T21:03:18.033+02:00 DEBUG 3504 --- [mgcss-track-grupo4] [           main] org.hibernate.SQL                        : insert into tecnicos (activo,especialidad,nombre,id) values (?,?,?,default)
Hibernate: insert into tecnicos (activo,especialidad,nombre,id) values (?,?,?,default)
]]></system-out>
  </testcase>
  <testcase name="testFindById_NotFound" classname="com.mgcss.infrastructure.SqlTecnicoRepositoryTest" time="0.041">
    <system-out><![CDATA[2026-05-20T21:03:18.064+02:00 DEBUG 3504 --- [mgcss-track-grupo4] [           main] org.hibernate.SQL                        : select te1_0.id,te1_0.activo,te1_0.especialidad,te1_0.nombre from tecnicos te1_0 where te1_0.id=?
Hibernate: select te1_0.id,te1_0.activo,te1_0.especialidad,te1_0.nombre from tecnicos te1_0 where te1_0.id=?
]]></system-out>
  </testcase>
</testsuite>