<?xml version="1.0" encoding="UTF-8"?>
<testsuite xmlns:xsi="http://www.w3.org/2001/XMLSchema-instance" xsi:noNamespaceSchemaLocation="https://maven.apache.org/surefire/maven-surefire-plugin/xsd/surefire-test-report.xsd" version="3.0.2" name="com.mgcss.integration.infrastructure.SolicitudIntegrationTest" time="6.573" tests="2" errors="0" skipped="0" failures="0">
  <properties>
[...]
</properties>
  <testcase name="debePersistirYRecuperarSolicitudCorrectamente" classname="com.mgcss.integration.infrastructure.SolicitudIntegrationTest" time="0.198">
    <system-out><![CDATA[13:00:08.936 [main] INFO org.springframework.test.context.support.AnnotationConfigContextLoaderUtils -- Could not detect default configuration classes for test class [com.mgcss.integration.infrastructure.SolicitudIntegrationTest]: SolicitudIntegrationTest does not declare any static, non-private, non-final, nested classes annotated with @Configuration.
13:00:09.150 [main] INFO org.springframework.boot.test.context.SpringBootTestContextBootstrapper -- Found @SpringBootConfiguration com.mgcss.MgcssTrackGrupo4Application for test class com.mgcss.integration.infrastructure.SolicitudIntegrationTest
13:00:09.265 [main] INFO org.springframework.boot.devtools.restart.RestartApplicationListener -- Restart disabled due to context in which it is running

  .   ____          _            __ _ _
 /\\ / ___'_ __ _ _(_)_ __  __ _ \ \ \ \
( ( )\___ | '_ | '_| | '_ \/ _` | \ \ \ \
 \\/  ___)| |_)| | | | | || (_| |  ) ) ) )
  '  |____| .__|_| |_|_| |_\__, | / / / /
 =========|_|==============|___/=/_/_/_/

 :: Spring Boot ::                (v4.0.3)

2026-05-08T13:00:10.045+02:00  INFO 15872 --- [mgcss-track-grupo4] [           main] c.m.i.i.SolicitudIntegrationTest         : Starting SolicitudIntegrationTest using Java 23.0.2 with PID 15872 (started by lanid in C:\Users\lanid\OneDrive\.Documentos\.Universidad\Cuarto\2_Cuatrimestre\MGCSS\Practicas\Programa\mgcss-track-grupo4)
2026-05-08T13:00:10.047+02:00  INFO 15872 --- [mgcss-track-grupo4] [           main] c.m.i.i.SolicitudIntegrationTest         : The following 1 profile is active: "test"
2026-05-08T13:00:10.603+02:00  INFO 15872 --- [mgcss-track-grupo4] [           main] .s.d.r.c.RepositoryConfigurationDelegate : Bootstrapping Spring Data JPA repositories in DEFAULT mode.
2026-05-08T13:00:10.693+02:00  INFO 15872 --- [mgcss-track-grupo4] [           main] .s.d.r.c.RepositoryConfigurationDelegate : Finished Spring Data repository scanning in 73 ms. Found 4 JPA repository interfaces.
2026-05-08T13:00:10.815+02:00  INFO 15872 --- [mgcss-track-grupo4] [           main] beddedDataSourceBeanFactoryPostProcessor : Replacing 'dataSource' DataSource bean with embedded version
2026-05-08T13:00:10.967+02:00  INFO 15872 --- [mgcss-track-grupo4] [           main] o.s.j.d.e.EmbeddedDatabaseFactory        : Starting embedded database: url='jdbc:h2:mem:a49e4d20-04d7-4e48-9da3-5d69ff85f1b8;DB_CLOSE_DELAY=-1;DB_CLOSE_ON_EXIT=false', username='sa'
2026-05-08T13:00:12.117+02:00  INFO 15872 --- [mgcss-track-grupo4] [           main] org.hibernate.orm.jpa                    : HHH008540: Processing PersistenceUnitInfo [name: default]
2026-05-08T13:00:12.300+02:00  INFO 15872 --- [mgcss-track-grupo4] [           main] org.hibernate.orm.core                   : HHH000001: Hibernate ORM core version 7.2.4.Final
2026-05-08T13:00:12.905+02:00  INFO 15872 --- [mgcss-track-grupo4] [           main] o.s.o.j.p.SpringPersistenceUnitInfo      : No LoadTimeWeaver setup: ignoring JPA class transformer
2026-05-08T13:00:13.096+02:00  WARN 15872 --- [mgcss-track-grupo4] [           main] org.hibernate.orm.deprecation            : HHH90000025: H2Dialect does not need to be specified explicitly using 'hibernate.dialect' (remove the property setting and it will be selected by default)
2026-05-08T13:00:13.166+02:00  INFO 15872 --- [mgcss-track-grupo4] [           main] org.hibernate.orm.connections.pooling    : HHH10001005: Database info:
	Database JDBC URL [jdbc:h2:mem:a49e4d20-04d7-4e48-9da3-5d69ff85f1b8]
	Database driver: H2 JDBC Driver
	Database dialect: H2Dialect
	Database version: 2.4.240
	Default catalog/schema: A49E4D20-04D7-4E48-9DA3-5D69FF85F1B8/PUBLIC
	Autocommit mode: undefined/unknown
	Isolation level: READ_COMMITTED [default READ_COMMITTED]
	JDBC fetch size: 100
	Pool: DataSourceConnectionProvider
	Minimum pool size: undefined/unknown
	Maximum pool size: undefined/unknown
2026-05-08T13:00:14.452+02:00  INFO 15872 --- [mgcss-track-grupo4] [           main] org.hibernate.orm.core                   : HHH000489: No JTA platform available (set 'hibernate.transaction.jta.platform' to enable JTA platform integration)
Hibernate: 
    drop table if exists clientes cascade 
Hibernate: 
    drop table if exists register_solicitud cascade 
Hibernate: 
    drop table if exists solicitudes cascade 
Hibernate: 
    drop table if exists tecnicos cascade 
Hibernate: 
    create table clientes (
        id bigint generated by default as identity,
        email varchar(255),
        nombre varchar(255),
        tipo_cliente varchar(255),
        primary key (id)
    )
Hibernate: 
    create table register_solicitud (
        fecha_hora timestamp(6),
        id bigint generated by default as identity,
        solicitud_id bigint not null,
        estado_actual enum ('ABIERTA','CERRADA','EN_PROCESO'),
        estado_anterior enum ('ABIERTA','CERRADA','EN_PROCESO'),
        primary key (id)
    )
Hibernate: 
    create table solicitudes (
        cliente_id bigint,
        fecha_cierre timestamp(6),
        fecha_creacion timestamp(6),
        id bigint generated by default as identity,
        tecnico_id bigint,
        descripcion varchar(255),
        estado_actual varchar(255),
        primary key (id)
    )
Hibernate: 
    create table tecnicos (
        activo boolean not null,
        id bigint generated by default as identity,
        especialidad varchar(255),
        nombre varchar(255),
        primary key (id)
    )
Hibernate: 
    alter table if exists solicitudes 
       add constraint FKtfxgn25p8c3x41bkb43vpmfuu 
       foreign key (cliente_id) 
       references clientes
Hibernate: 
    alter table if exists solicitudes 
       add constraint FKbhl72y1rtjpm9blkhgll2li58 
       foreign key (tecnico_id) 
       references tecnicos
2026-05-08T13:00:14.538+02:00  INFO 15872 --- [mgcss-track-grupo4] [           main] j.LocalContainerEntityManagerFactoryBean : Initialized JPA EntityManagerFactory for persistence unit 'default'
2026-05-08T13:00:14.655+02:00  INFO 15872 --- [mgcss-track-grupo4] [           main] o.s.d.j.r.query.QueryEnhancerFactories   : Hibernate is in classpath; If applicable, HQL parser will be used.
2026-05-08T13:00:14.892+02:00  INFO 15872 --- [mgcss-track-grupo4] [           main] c.m.i.i.SolicitudIntegrationTest         : Started SolicitudIntegrationTest in 5.642 seconds (process running for 9.653)
Hibernate: 
    insert 
    into
        solicitudes
        (cliente_id, descripcion, estado_actual, fecha_cierre, fecha_creacion, tecnico_id, id) 
    values
        (?, ?, ?, ?, ?, ?, default)
]]></system-out>
  </testcase>
  <testcase name="debePersistirSolicitudConTecnicoAsignadoYCargarloCorrectamente" classname="com.mgcss.integration.infrastructure.SolicitudIntegrationTest" time="0.022">
    <system-out><![CDATA[Hibernate: 
    insert 
    into
        tecnicos
        (activo, especialidad, nombre, id) 
    values
        (?, ?, ?, default)
Hibernate: 
    insert 
    into
        solicitudes
        (cliente_id, descripcion, estado_actual, fecha_cierre, fecha_creacion, tecnico_id, id) 
    values
        (?, ?, ?, ?, ?, ?, default)
]]></system-out>
  </testcase>
</testsuite>